TN:
SF:lib/core/application/dto/post_dto.dart
FNF:0
FNH:0
DA:7,2
LF:1
LH:1
end_of_record
TN:
SF:lib/core/application/exception/validation_exception.dart
FNF:0
FNH:0
DA:8,1
LF:1
LH:1
end_of_record
TN:
SF:lib/core/application/features/post/commands/create_post/create_post_command.dart
FNF:0
FNH:0
DA:11,2
DA:18,1
DA:20,2
LF:3
LH:3
end_of_record
TN:
SF:lib/core/application/features/post/commands/create_post/create_post_command_handler.dart
FNF:0
FNH:0
DA:17,1
DA:19,1
DA:22,1
DA:24,2
DA:27,2
DA:28,2
DA:30,1
DA:31,2
DA:32,1
DA:33,2
DA:34,1
LF:11
LH:11
end_of_record
TN:
SF:lib/core/application/wrappers/service_response.dart
FNF:0
FNH:0
DA:20,2
DA:26,4
DA:29,4
DA:32,2
DA:35,4
LF:5
LH:5
end_of_record
TN:
SF:lib/core/domain/entities/post.dart
FNF:0
FNH:0
DA:17,10
DA:18,1
DA:19,2
DA:21,1
DA:22,1
LF:5
LH:5
end_of_record
TN:
SF:lib/infrastructure/persistence/repositories/generic_repository.dart
FNF:0
FNH:0
DA:17,2
DA:19,1
DA:21,2
DA:23,2
DA:26,1
DA:30,1
DA:31,2
DA:34,2
DA:37,1
DA:39,2
DA:41,2
DA:42,2
DA:44,1
DA:49,1
DA:50,2
DA:53,2
LF:16
LH:16
end_of_record
TN:
SF:lib/infrastructure/persistence/repositories/post_repository.dart
FNF:0
FNH:0
DA:18,2
DA:19,4
DA:24,2
DA:26,4
DA:30,2
DA:33,2
DA:34,4
DA:37,4
DA:40,1
DA:42,2
DA:43,3
DA:47,1
DA:48,2
DA:51,1
DA:54,1
DA:56,2
DA:57,3
DA:60,1
DA:63,1
DA:64,2
DA:67,2
LF:21
LH:21
end_of_record
TN:
SF:lib/presentation/home/cubit/home_cubit.dart
FNF:0
FNH:0
DA:14,3
DA:20,1
DA:21,1
DA:22,2
DA:23,1
DA:25,1
DA:27,1
DA:28,5
DA:32,5
DA:46,1
DA:47,1
DA:48,2
DA:49,1
DA:55,1
DA:57,1
DA:58,5
DA:62,5
DA:65,1
DA:67,4
LF:19
LH:19
end_of_record
TN:
SF:lib/presentation/home/cubit/home_state.dart
FNF:0
FNH:0
DA:19,1
LF:1
LH:1
end_of_record
