TN:
SF:lib/core/application/dto/post_dto.dart
FNF:0
FNH:0
DA:7,3
LF:1
LH:1
end_of_record
TN:
SF:lib/core/application/exception/validation_exception.dart
FNF:0
FNH:0
DA:8,1
LF:1
LH:1
end_of_record
TN:
SF:lib/core/application/features/post/commands/create_post/create_post_command.dart
FNF:0
FNH:0
DA:11,2
DA:18,1
DA:20,2
LF:3
LH:3
end_of_record
TN:
SF:lib/core/application/features/post/commands/create_post/create_post_command_handler.dart
FNF:0
FNH:0
DA:17,1
DA:19,1
DA:22,1
DA:24,2
DA:27,2
DA:28,2
DA:30,1
DA:31,2
DA:32,1
DA:33,2
DA:34,1
LF:11
LH:11
end_of_record
TN:
SF:lib/core/application/features/post/queries/get_all_post/get_all_post_query_handler.dart
FNF:0
FNH:0
DA:15,1
DA:17,1
DA:19,2
DA:21,1
DA:22,2
DA:23,1
DA:24,2
DA:25,1
LF:8
LH:8
end_of_record
TN:
SF:lib/core/application/wrappers/service_response.dart
FNF:0
FNH:0
DA:20,3
DA:26,6
DA:29,6
DA:32,4
DA:35,6
LF:5
LH:5
end_of_record
TN:
SF:lib/core/domain/entities/post.dart
FNF:0
FNH:0
DA:17,11
DA:18,0
DA:19,0
DA:21,0
DA:22,0
LF:5
LH:1
end_of_record
TN:
SF:lib/core/domain/entities/post.g.dart
FNF:0
FNH:0
DA:9,0
DA:10,0
DA:11,0
DA:12,0
DA:13,0
DA:16,0
DA:17,0
DA:18,0
DA:19,0
DA:20,0
DA:21,0
LF:11
LH:0
end_of_record
TN:
SF:lib/infrastructure/persistence/repositories/generic_repository.dart
FNF:0
FNH:0
DA:15,0
DA:17,0
DA:19,0
DA:21,0
DA:24,0
DA:28,0
DA:29,0
DA:33,0
DA:35,0
DA:39,0
DA:41,0
DA:43,0
DA:44,0
DA:46,0
DA:51,0
DA:52,0
DA:56,0
DA:58,0
LF:18
LH:0
end_of_record
TN:
SF:lib/infrastructure/persistence/repositories/post_repository.dart
FNF:0
FNH:0
DA:14,0
DA:15,0
DA:20,0
DA:23,0
DA:26,0
DA:29,0
DA:32,0
DA:35,0
LF:8
LH:0
end_of_record
TN:
SF:lib/presentation/common/base_cubit.dart
FNF:0
FNH:0
DA:27,1
DA:30,0
DA:32,1
DA:33,1
DA:34,1
DA:37,0
DA:38,0
DA:39,0
DA:40,0
DA:44,0
DA:45,0
DA:57,0
DA:58,0
DA:71,0
DA:73,0
DA:75,0
LF:16
LH:4
end_of_record
TN:
SF:lib/presentation/common/base_cubit_state.dart
FNF:0
FNH:0
DA:4,0
LF:1
LH:0
end_of_record
TN:
SF:lib/presentation/home/cubit/home_cubit.dart
FNF:0
FNH:0
DA:14,3
DA:20,1
DA:21,1
DA:22,2
DA:23,1
DA:25,1
DA:27,1
DA:28,5
DA:32,5
DA:46,1
DA:47,1
DA:48,2
DA:49,1
DA:55,1
DA:57,1
DA:58,5
DA:62,5
DA:65,1
DA:67,4
LF:19
LH:19
end_of_record
TN:
SF:lib/presentation/home/cubit/home_state.dart
FNF:0
FNH:0
DA:19,1
LF:1
LH:1
end_of_record
